2022-04-11 15:05:11.806 - INFO - 20204 - azureml.train.automl.run._log_activity:55 - ActivityStarted: GetBestChild
2022-04-11 15:05:11.827 - INFO - 20204 - azureml.train.automl.run._log_activity:55 - ActivityStarted: GetChildren
2022-04-11 15:05:12.143 - INFO - 20204 - azureml.train.automl.run._log_activity:89 - ActivityCompleted: Activity=GetChildren, HowEnded=Success, Duration=316.06[ms]
2022-04-11 15:05:12.235 - INFO - 20204 - azureml.train.automl.run._log_activity:89 - ActivityCompleted: Activity=GetBestChild, HowEnded=Success, Duration=428.11[ms]
2022-04-11 15:05:12.235 - INFO - 20204 - azureml.train.automl.runtime._automl_model_explain.automl_auto_mode_model_explain._automl_perform_best_run_explain_model:84 - Computing model explanations for best run AutoML_5d84289e-7b7a-401f-ad36-71dcf37002e0_29 on local
2022-04-11 15:05:12.236 - INFO - 20204 - azureml.train.automl.runtime._automl_model_explain.automl_model_explain_driver_factory._get_model_explain_driver:67 - Constructing model explain config for classification
2022-04-11 15:05:12.237 - INFO - 20204 - azureml.train.automl.runtime._automl_model_explain.automl_auto_mode_model_explain._automl_auto_mode_explain_model:140 - The dependent model explainability packages are:- {"azureml-train-automl-runtime": "1.39.0", "azureml-interpret": "1.39.0", "interpret-community": "0.24.2", "interpret-core": "0.2.7"}
2022-04-11 15:05:12.237 - INFO - 20204 - azureml.train.automl.runtime._automl_model_explain.automl_model_explain_helper._check_model_explain_packages:182 - All dependent explainability packages are importable
2022-04-11 15:05:12.238 - INFO - 20204 - azureml.train.automl.runtime._automl_model_explain.automl_auto_mode_model_explain._automl_auto_mode_explain_model:152 - [RunId:AutoML_5d84289e-7b7a-401f-ad36-71dcf37002e0_29]Start auto mode model explanations
2022-04-11 15:05:12.645 - INFO - 20204 - azureml.automl.runtime.featurization.data_transformer.__init__:190 - Feature sweeping enabled: False
2022-04-11 15:05:12.645 - INFO - 20204 - azureml.automl.runtime.featurization.data_transformer.__init__:191 - Feature sweeping timeout: 86400
2022-04-11 15:05:12.696 - INFO - 20204 - azureml.train.automl.runtime._automl_model_explain.automl_model_explain_driver._rehydrate_automl_fitted_model:116 - Successfully downloaded and loaded the model for explanations
2022-04-11 15:05:12.707 - INFO - 20204 - azureml.automl.runtime.shared.cache_store._log_activity:55 - ActivityStarted: get
2022-04-11 15:05:12.707 - INFO - 20204 - azureml.automl.runtime.shared.lazy_file_cache_store.get:424 - Getting data for key: featurization/data/full_training_dataset
2022-04-11 15:05:12.871 - INFO - 20204 - azureml.automl.runtime.shared._parqueter.load_pandas_dataframe:152 - parquet to ndarray. Memory: 18.85 kb,Disk: 33.92 kb
2022-04-11 15:05:12.872 - INFO - 20204 - azureml.automl.runtime.shared.cache_store._log_activity:89 - ActivityCompleted: Activity=get, HowEnded=Success, Duration=164.8[ms]
2022-04-11 15:05:12.873 - INFO - 20204 - azureml.automl.runtime.shared.cache_store._log_activity:55 - ActivityStarted: get
2022-04-11 15:05:12.873 - INFO - 20204 - azureml.automl.runtime.shared.lazy_file_cache_store.get:424 - Getting data for key: featurization/data/full_validation_dataset
2022-04-11 15:05:12.873 - INFO - 20204 - azureml.automl.runtime.shared.cache_store._log_activity:89 - ActivityCompleted: Activity=get, HowEnded=Success, Duration=0.4[ms]
2022-04-11 15:05:12.873 - INFO - 20204 - azureml.automl.runtime.shared.cache_store._log_activity:55 - ActivityStarted: get
2022-04-11 15:05:12.874 - INFO - 20204 - azureml.automl.runtime.shared.lazy_file_cache_store.get:424 - Getting data for key: featurization/data/X_valid
2022-04-11 15:05:12.907 - INFO - 20204 - azureml.automl.runtime.shared.lazy_file_cache_store.get:424 - Getting data for key: featurization/data/y_valid
2022-04-11 15:05:12.945 - INFO - 20204 - azureml.automl.runtime.shared.lazy_file_cache_store.get:424 - Getting data for key: featurization/data/sample_weight_valid
2022-04-11 15:05:12.976 - INFO - 20204 - azureml.automl.runtime.shared.cache_store._log_activity:89 - ActivityCompleted: Activity=get, HowEnded=Success, Duration=102.39[ms]
2022-04-11 15:05:12.976 - INFO - 20204 - azureml.train.automl.runtime._automl_model_explain.automl_model_explain_driver.setup_model_explain_train_data:89 - Preparation of training data for model explanations completed.
2022-04-11 15:05:12.977 - INFO - 20204 - azureml.automl.runtime.shared.cache_store._log_activity:55 - ActivityStarted: get
2022-04-11 15:05:12.977 - INFO - 20204 - azureml.automl.runtime.shared.lazy_file_cache_store.get:424 - Getting data for key: X_raw
2022-04-11 15:05:13.051 - INFO - 20204 - azureml.automl.runtime.shared._parqueter.load_pandas_dataframe:152 - parquet to ndarray. Memory: 48.29 kb,Disk: 49.43 kb
2022-04-11 15:05:13.052 - INFO - 20204 - azureml.automl.runtime.shared.lazy_file_cache_store.get:424 - Getting data for key: y_raw
2022-04-11 15:05:13.097 - INFO - 20204 - azureml.automl.runtime.shared._parqueter.load_pandas_dataframe:152 - parquet to ndarray. Memory: 1.69 kb,Disk: 1.70 kb
2022-04-11 15:05:13.097 - INFO - 20204 - azureml.automl.runtime.shared._parqueter.load_numpy_array:181 - Deserialized parquet file into a numpy array of shape: (195, 1)
2022-04-11 15:05:13.097 - INFO - 20204 - azureml.automl.runtime.shared._parqueter.load_numpy_array:189 - parquet to ndarray. Memory: 1.56 kb,Disk: 1.70 kb
2022-04-11 15:05:13.097 - INFO - 20204 - azureml.automl.runtime.shared._parqueter.load_single_dim_numpy_array:211 - Deserialized parquet file into a single dimensional array of shape: (195,)
2022-04-11 15:05:13.098 - INFO - 20204 - azureml.automl.runtime.shared._parqueter.load_single_dim_numpy_array:218 - parquet to ndarray. Memory: 1.56 kb,Disk: 1.70 kb
2022-04-11 15:05:13.098 - INFO - 20204 - azureml.automl.runtime.shared.lazy_file_cache_store.get:424 - Getting data for key: X_raw_valid
2022-04-11 15:05:13.126 - INFO - 20204 - azureml.automl.runtime.shared.lazy_file_cache_store.get:424 - Getting data for key: y_raw_valid
2022-04-11 15:05:13.152 - INFO - 20204 - azureml.automl.runtime.shared.cache_store._log_activity:89 - ActivityCompleted: Activity=get, HowEnded=Success, Duration=174.96[ms]
2022-04-11 15:05:13.152 - INFO - 20204 - azureml.train.automl.runtime._automl_model_explain.automl_model_explain_driver.setup_model_explain_train_data:103 - Preparation of raw data for model explanations completed.
2022-04-11 15:05:13.153 - INFO - 20204 - azureml.train.automl.runtime.automl_explain_utilities._get_unique_classes:882 - Got class labels from the AutoML estimator
2022-04-11 15:05:13.154 - INFO - 20204 - azureml.train.automl.runtime.automl_explain_utilities._get_unique_classes:894 - The number of unique classes in training data are 2
2022-04-11 15:05:13.154 - INFO - 20204 - azureml.train.automl.runtime.automl_explain_utilities._automl_pick_surrogate_model_and_set_params:1260 - The number of core being set for explainable model is: 1
2022-04-11 15:05:13.154 - INFO - 20204 - azureml.train.automl.runtime._automl_model_explain.automl_model_explain_driver.log_explanation_data_stats:198 - Dimensionality of engineered initialization samples:- 195 samples 22 features
2022-04-11 15:05:13.155 - INFO - 20204 - azureml.train.automl.runtime._automl_model_explain.automl_model_explain_driver.log_explanation_data_stats:201 - Dimensionality of engineered evaluation samples:- 195 samples 22 features
2022-04-11 15:05:13.155 - INFO - 20204 - azureml.train.automl.runtime._automl_model_explain.automl_model_explain_driver.log_explanation_data_stats:206 - Dimensionality of raw evaluation samples:- 195 samples 23 features
2022-04-11 15:05:13.155 - INFO - 20204 - azureml.train.automl.runtime._automl_model_explain.automl_model_explain_driver.log_explanation_data_stats:211 - Dimensionality of feature map:- 23 raw features 22 engineered features
2022-04-11 15:05:13.155 - INFO - 20204 - azureml.train.automl.runtime._automl_model_explain.automl_model_explain_driver.log_explanation_data_stats:218 - Number of engineered feature names are:- 22
2022-04-11 15:05:13.155 - INFO - 20204 - azureml.train.automl.runtime._automl_model_explain.automl_model_explain_driver.log_explanation_data_stats:222 - Number of raw feature names are:- 23
2022-04-11 15:05:13.413 - INFO - 20204 - azureml.train.automl.runtime._automl_model_explain.automl_model_explain_helper._log_blackbox_explainer_replication_measure:236 - The replication score for teacher model VotingEnsemble with surrogate model LightGBM is:- 1.0
2022-04-11 15:05:13.918 - INFO - 20204 - azureml.automl.core.systemusage_telemetry._log_memory_usage:62 - memory usage 1083240448
2022-04-11 15:05:13.919 - INFO - 20204 - azureml.automl.core.systemusage_telemetry._log_memory_usage:62 - child memory usage 1199480832
2022-04-11 15:05:13.919 - INFO - 20204 - azureml.automl.core.systemusage_telemetry._log_cpu_usage:71 - cpu time 69.81006
2022-04-11 15:05:13.919 - INFO - 20204 - azureml.automl.core.systemusage_telemetry._log_cpu_usage:71 - child cpu time 383.846454
2022-04-11 15:05:17.017 - INFO - 20204 - azureml.train.automl.runtime._automl_model_explain.automl_auto_mode_model_explain._automl_auto_mode_explain_model:212 - Computation of engineered feature importance completed.
2022-04-11 15:05:20.191 - INFO - 20204 - azureml.train.automl.runtime._automl_model_explain.automl_auto_mode_model_explain._automl_auto_mode_explain_model:237 - Computation of raw feature importance completed.
2022-04-11 15:05:20.192 - INFO - 20204 - azureml.train.automl.runtime._automl_model_explain.automl_auto_mode_model_explain._automl_auto_mode_explain_model:239 - [RunId:AutoML_5d84289e-7b7a-401f-ad36-71dcf37002e0_29]End auto mode model explanation
2022-04-11 15:05:20.343 - INFO - 20204 - azureml.automl.core.systemusage_telemetry.stop:49 - Stopping usage telemetry collection
2022-04-11 15:05:20.375 - INFO - 20204 - azureml.train.automl.runtime._experiment_drivers.local_experiment_driver.start:332 - Parent Run AutoML_5d84289e-7b7a-401f-ad36-71dcf37002e0 Complete.
2022-04-11 15:05:20.377 - INFO - 20204 - azureml.automl.runtime.experiment_store.reset:1168 - Resetting ExpeirmentStore ID: 140705436669840
2022-04-11 15:09:38.619 - INFO - 20204 - azureml.train.automl.run._log_activity:55 - ActivityStarted: GetOutput
2022-04-11 15:09:38.644 - INFO - 20204 - azureml.train.automl.run._log_activity:55 - ActivityStarted: GetOutput
2022-04-11 15:09:38.668 - INFO - 20204 - azureml.train.automl.run._log_activity:55 - ActivityStarted: GetChildren
2022-04-11 15:12:06.694 - INFO - 20204 - azureml.train.automl.run._log_activity:89 - ActivityCompleted: Activity=GetChildren, HowEnded=Success, Duration=148025.54[ms]
2022-04-11 15:12:06.695 - INFO - 20204 - azureml.train.automl.run._log_activity:89 - ActivityCompleted: Activity=GetOutput, HowEnded=Success, Duration=148051.24[ms]
2022-04-11 15:12:06.702 - INFO - 20204 - azureml.train.automl.run._log_activity:89 - ActivityCompleted: Activity=GetOutput, HowEnded=Success, Duration=148082.99[ms]
2022-04-11 15:16:05.294 - INFO - 20204 - azureml.train.automl.run._log_activity:55 - ActivityStarted: GetOutput
2022-04-11 15:16:05.312 - INFO - 20204 - azureml.train.automl.run._log_activity:55 - ActivityStarted: GetOutput
2022-04-11 15:16:05.340 - INFO - 20204 - azureml.train.automl.run._log_activity:55 - ActivityStarted: GetChildren
2022-04-11 15:16:05.461 - INFO - 20204 - azureml.train.automl.run._log_activity:89 - ActivityCompleted: Activity=GetChildren, HowEnded=Success, Duration=120.82[ms]
2022-04-11 15:16:05.516 - INFO - 20204 - azureml.train.automl.run._log_activity:89 - ActivityCompleted: Activity=GetOutput, HowEnded=Success, Duration=203.77[ms]
2022-04-11 15:16:05.516 - INFO - 20204 - azureml.train.automl._model_download_utilities._log_activity:55 - ActivityStarted: DownloadModel
2022-04-11 15:16:05.917 - INFO - 20204 - azureml.automl.runtime.featurization.data_transformer.__init__:190 - Feature sweeping enabled: False
2022-04-11 15:16:05.917 - INFO - 20204 - azureml.automl.runtime.featurization.data_transformer.__init__:191 - Feature sweeping timeout: 86400
2022-04-11 15:16:05.947 - INFO - 20204 - azureml.train.automl._model_download_utilities._log_activity:89 - ActivityCompleted: Activity=DownloadModel, HowEnded=Success, Duration=430.21[ms]
2022-04-11 15:16:05.948 - INFO - 20204 - azureml.train.automl.run._log_activity:89 - ActivityCompleted: Activity=GetOutput, HowEnded=Success, Duration=653.1[ms]
2022-04-11 15:17:58.122 - INFO - 20204 - azureml.train.automl.run._log_activity:55 - ActivityStarted: GetOutput
2022-04-11 15:17:58.150 - INFO - 20204 - azureml.train.automl.run._log_activity:55 - ActivityStarted: GetOutput
2022-04-11 15:17:58.171 - INFO - 20204 - azureml.train.automl.run._log_activity:55 - ActivityStarted: GetChildren
2022-04-11 15:17:58.294 - INFO - 20204 - azureml.train.automl.run._log_activity:89 - ActivityCompleted: Activity=GetChildren, HowEnded=Success, Duration=122.49[ms]
2022-04-11 15:17:58.337 - INFO - 20204 - azureml.train.automl.run._log_activity:89 - ActivityCompleted: Activity=GetOutput, HowEnded=Success, Duration=187.49[ms]
2022-04-11 15:17:58.338 - INFO - 20204 - azureml.train.automl._model_download_utilities._log_activity:55 - ActivityStarted: DownloadModel
2022-04-11 15:17:58.812 - INFO - 20204 - azureml.automl.runtime.featurization.data_transformer.__init__:190 - Feature sweeping enabled: False
2022-04-11 15:17:58.812 - INFO - 20204 - azureml.automl.runtime.featurization.data_transformer.__init__:191 - Feature sweeping timeout: 86400
2022-04-11 15:17:58.845 - INFO - 20204 - azureml.train.automl._model_download_utilities._log_activity:89 - ActivityCompleted: Activity=DownloadModel, HowEnded=Success, Duration=507.02[ms]
2022-04-11 15:17:58.845 - INFO - 20204 - azureml.train.automl.run._log_activity:89 - ActivityCompleted: Activity=GetOutput, HowEnded=Success, Duration=722.98[ms]
2022-04-11 15:19:22.730 - INFO - 20204 - azureml.train.automl.run._log_activity:55 - ActivityStarted: RegisterModel
2022-04-11 15:19:22.757 - INFO - 20204 - azureml.train.automl.run._log_activity:55 - ActivityStarted: GetChildren
2022-04-11 15:19:22.918 - INFO - 20204 - azureml.train.automl.run._log_activity:89 - ActivityCompleted: Activity=GetChildren, HowEnded=Success, Duration=161.35[ms]
2022-04-11 15:19:24.248 - INFO - 20204 - azureml.train.automl.run._log_activity:89 - ActivityCompleted: Activity=RegisterModel, HowEnded=Success, Duration=1518.42[ms]
